{"C:\\dev_workspace\\microverse-workspace\\jest-playground\\index.js": {"path":"C:\\dev_workspace\\microverse-workspace\\jest-playground\\index.js","statementMap":{"0":{"start":{"line":1,"column":21},"end":{"line":7,"column":1}},"1":{"start":{"line":2,"column":0},"end":{"line":4,"column":3}},"2":{"start":{"line":3,"column":4},"end":{"line":3,"column":99}},"3":{"start":{"line":6,"column":2},"end":{"line":6,"column":20}},"4":{"start":{"line":9,"column":0},"end":{"line":9,"column":30}}},"fnMap":{"0":{"name":"(anonymous_0)","decl":{"start":{"line":1,"column":21},"end":{"line":1,"column":22}},"loc":{"start":{"line":1,"column":30},"end":{"line":7,"column":1}},"line":1}},"branchMap":{"0":{"loc":{"start":{"line":2,"column":0},"end":{"line":4,"column":3}},"type":"if","locations":[{"start":{"line":2,"column":0},"end":{"line":4,"column":3}},{"start":{},"end":{}}],"line":2},"1":{"loc":{"start":{"line":2,"column":4},"end":{"line":2,"column":45}},"type":"binary-expr","locations":[{"start":{"line":2,"column":4},"end":{"line":2,"column":8}},{"start":{"line":2,"column":12},"end":{"line":2,"column":26}},{"start":{"line":2,"column":30},"end":{"line":2,"column":45}}],"line":2}},"s":{"0":1,"1":4,"2":3,"3":1,"4":1},"f":{"0":4},"b":{"0":[3,1],"1":[4,2,2]},"_coverageSchema":"1a1c01bbd47fc00a2c39e90264f33305004495a9","hash":"1333179192484e34acdad92c82fa6b39b35a603d"}
}
